[10:13:11] AmongUs-Main                                  ShardManager    INFO   : Login Successful!
[10:13:11] JDA [0 / 1] MainWS-WriteThread        [0 / 1] WebSocketClient INFO   : Connected to WebSocket
[10:13:12] JDA [0 / 1] MainWS-ReadThread         [0 / 1] JDA             INFO   : Finished Loading!
[10:19:55] AmongUs-Main                                  Launcher        INFO   : Obteniendo token de inicio de sesión...
[10:19:55] AmongUs-Main                                  Launcher        INFO   : Iniciando bot...
[10:19:55] AmongUs-Main                                  ShardManager    INFO   : Login Successful!
[10:19:56] JDA [0 / 1] MainWS-WriteThread        [0 / 1] WebSocketClient INFO   : Connected to WebSocket
[10:19:56] JDA [0 / 1] MainWS-ReadThread         [0 / 1] JDA             INFO   : Finished Loading!
[10:20:55] AmongUs-Main                                  Launcher        INFO   : Obteniendo token de inicio de sesión...
[10:20:55] AmongUs-Main                                  Launcher        INFO   : Iniciando bot...
[10:20:55] AmongUs-Main                                  ShardManager    INFO   : Login Successful!
[10:20:56] JDA [0 / 1] MainWS-ReadThread         [0 / 1] WebSocketClient INFO   : Connected to WebSocket
[10:20:56] JDA [0 / 1] MainWS-ReadThread         [0 / 1] JDA             INFO   : Finished Loading!
[10:20:59] Thread-1                                      Launcher        WARN   : Shuting down...
[10:20:59] JDA Shutdown Hook                             RateLimiter     INFO   : Waiting for 1 bucket(s) to finish. Average queue size of 0 requests
[10:21:41] AmongUs-Main                                  Launcher        INFO   : Getting Discord Bot Token...
[10:22:04] AmongUs-Main                                  Launcher        INFO   : Getting Discord Bot Token...
[10:22:04] AmongUs-Main                                  Launcher        INFO   : Starting shard managaer...
[10:22:05] AmongUs-Main                                  ShardManager    INFO   : Login Successful!
[10:22:05] JDA [0 / 1] MainWS-ReadThread         [0 / 1] WebSocketClient INFO   : Connected to WebSocket
[10:22:05] JDA [0 / 1] MainWS-ReadThread         [0 / 1] JDA             INFO   : Finished Loading!
[10:22:08] Thread-1                                      Launcher        WARN   : Shutting down...
[10:22:08] JDA Shutdown Hook                             RateLimiter     INFO   : Waiting for 1 bucket(s) to finish. Average queue size of 0 requests
[10:26:44] AmongUs-Main                                  Launcher        INFO   : Getting Discord Bot Token...
[10:26:44] AmongUs-Main                                  Launcher        INFO   : Starting ShardManager...
[10:26:45] AmongUs-Main                                  ShardManager    INFO   : Login Successful!
[10:26:45] JDA [0 / 1] MainWS-WriteThread        [0 / 1] WebSocketClient INFO   : Connected to WebSocket
[10:26:45] JDA [0 / 1] MainWS-ReadThread         [0 / 1] JDA             INFO   : Finished Loading!
[10:27:31] Thread-1                                      Launcher        INFO   : Shutting down shard manager...
[10:27:34] AmongUs-Main                                  Launcher        INFO   : Getting Discord Bot Token...
[10:27:34] AmongUs-Main                                  Launcher        INFO   : Starting ShardManager...
[10:27:35] AmongUs-Main                                  ShardManager    INFO   : Login Successful!
[10:27:35] JDA [0 / 1] MainWS-ReadThread         [0 / 1] WebSocketClient INFO   : Connected to WebSocket
[10:27:35] JDA [0 / 1] MainWS-ReadThread         [0 / 1] JDA             INFO   : Finished Loading!
[10:30:23] Thread-1                                      Launcher        INFO   : Shutting down shard manager...
[10:30:25] AmongUs-Main                                  Launcher        INFO   : Getting Discord Bot Token...
[10:30:25] AmongUs-Main                                  Launcher        INFO   : Starting ShardManager...
[10:30:26] AmongUs-Main                                  ShardManager    INFO   : Login Successful!
[10:30:26] JDA [0 / 1] MainWS-WriteThread        [0 / 1] WebSocketClient INFO   : Connected to WebSocket
[10:30:26] JDA [0 / 1] MainWS-ReadThread         [0 / 1] JDA             INFO   : Finished Loading!
[10:31:19] Thread-1                                      Launcher        INFO   : Shutting down shard manager...
[10:31:22] AmongUs-Main                                  Launcher        INFO   : Getting Discord Bot Token...
[10:31:22] AmongUs-Main                                  Launcher        INFO   : Starting ShardManager...
[10:31:23] AmongUs-Main                                  ShardManager    INFO   : Login Successful!
[10:31:23] JDA [0 / 1] MainWS-WriteThread        [0 / 1] WebSocketClient INFO   : Connected to WebSocket
[10:31:23] JDA [0 / 1] MainWS-WriteThread        [0 / 1] WebSocketClient ERROR  : WebSocket connection was closed and cannot be recovered due to identification issues
CloseCode(4014 / Disallowed intents. Your bot might not be eligible to request a privileged intent such as GUILD_PRESENCES or GUILD_MEMBERS.)
[10:31:23] JDA [0 / 1] MainWS-WriteThread        [0 / 1] RateLimiter     INFO   : Waiting for 1 bucket(s) to finish. Average queue size of 0 requests
[10:31:33] Thread-1                                      Launcher        INFO   : Shutting down shard manager...
[10:31:55] AmongUs-Main                                  Launcher        INFO   : Getting Discord Bot Token...
[10:31:55] AmongUs-Main                                  Launcher        INFO   : Starting ShardManager...
[10:31:56] AmongUs-Main                                  ShardManager    INFO   : Login Successful!
[10:31:57] JDA [0 / 1] MainWS-ReadThread         [0 / 1] WebSocketClient INFO   : Connected to WebSocket
[10:31:57] JDA [0 / 1] MainWS-ReadThread         [0 / 1] JDA             INFO   : Finished Loading!
[10:32:29] Thread-1                                      Launcher        INFO   : Shutting down shard manager...
[10:32:31] AmongUs-Main                                  Launcher        INFO   : Getting Discord Bot Token...
[10:32:31] AmongUs-Main                                  Launcher        INFO   : Starting ShardManager...
[10:32:32] AmongUs-Main                                  ShardManager    INFO   : Login Successful!
[10:32:32] JDA [0 / 1] MainWS-ReadThread         [0 / 1] WebSocketClient INFO   : Connected to WebSocket
[10:32:33] JDA [0 / 1] MainWS-ReadThread         [0 / 1] JDA             INFO   : Finished Loading!
[10:34:42] Thread-1                                      Launcher        INFO   : Shutting down shard manager...
[10:36:09] AmongUs-Main                                  Launcher        INFO   : Getting Discord Bot Token...
[10:36:09] AmongUs-Main                                  Launcher        INFO   : Starting ShardManager...
[10:36:10] AmongUs-Main                                  ShardManager    INFO   : Login Successful!
[10:36:10] JDA [0 / 1] MainWS-WriteThread        [0 / 1] WebSocketClient INFO   : Connected to WebSocket
[10:36:11] JDA [0 / 1] MainWS-ReadThread         [0 / 1] JDA             INFO   : Finished Loading!
[10:37:02] Thread-1                                      Launcher        INFO   : Shutting down shard manager...
[10:37:03] AmongUs-Main                                  Launcher        INFO   : Getting Discord Bot Token...
[10:37:03] AmongUs-Main                                  Launcher        INFO   : Starting ShardManager...
[10:37:04] AmongUs-Main                                  ShardManager    INFO   : Login Successful!
[10:37:05] JDA [0 / 1] MainWS-ReadThread         [0 / 1] WebSocketClient INFO   : Connected to WebSocket
[10:37:05] JDA [0 / 1] MainWS-ReadThread         [0 / 1] JDA             INFO   : Finished Loading!
[10:41:51] Thread-1                                      Launcher        INFO   : Shutting down shard manager...
[10:41:54] AmongUs-Main                                  Launcher        INFO   : Getting Discord Bot Token...
[10:41:54] AmongUs-Main                                  Launcher        INFO   : Starting ShardManager...
[10:41:54] AmongUs-Main                                  ShardManager    INFO   : Login Successful!
[10:41:55] JDA [0 / 1] MainWS-ReadThread         [0 / 1] WebSocketClient INFO   : Connected to WebSocket
[10:41:55] JDA [0 / 1] MainWS-ReadThread         [0 / 1] JDA             INFO   : Finished Loading!
